[00:16:51] id : [sosoccdd] 가 id : [wntmd1215] 방송 [접속]
[00:33:55] id : [wntmd1215] 가 id : [wntmd1215] 방송 [접속]
[01:10:33] id : [sosoccdd] 가 id : [wntmd1215] 방송 [접속]
[01:42:23] id : [user01] 가 id : [wntmd1215] 방송 [접속]
[01:43:03] id : [sosoccdd] 가 id : [wntmd1215] 방송 [접속]
[14:20:38] id : [sosoccdd] 가 id : [sosoccdd] 방송 [접속]
[14:21:29] id : [wntmd1215] 가 id : [sosoccdd] 방송 [접속]
[14:31:03] id : [sosoccdd] 가 id : [wntmd1215] 방송 [접속]
[14:42:35] id : [sosoccdd] 가 id : [wntmd1215] 방송 [접속]
[14:46:58] id : [sosoccdd] 가 id : [wntmd1215] 방송 [접속]
[15:03:54] id : [gost] 가 id : [wntmd1215] 방송 [접속]
[15:05:07] id : [gost] 가 id : [wntmd1215] 방송 [접속]
[15:05:25] id : [gost] 가 id : [wntmd1215] 방송 [접속]
[15:06:10] id : [gost] 가 id : [wntmd1215] 방송 [접속]
[15:09:26] id : [gost] 가 id : [wntmd1215] 방송 [접속]
[15:14:34] id : [gost] 가 id : [wntmd1215] 방송 [접속]
[15:15:25] id : [sosoccdd] 가 id : [wntmd1215] 방송 [접속]
[09:28:54] /user333/wntmd1215/접속
[09:34:27] /user333/wntmd1215/접속
[09:37:17] /user333/wntmd1215/접속
[10:21:20] /user333/wntmd1215/접속
[10:21:46] /user333/wntmd1215/접속
[10:45:08] /user333/wntmd1215/접속
[10:49:14] /user333/wntmd1215/접속
[10:50:46] /user333/wntmd1215/접속
